#
# There is insufficient memory for the Java Runtime Environment to continue.
# Native memory allocation (malloc) failed to allocate 1135216 bytes for Chunk::new
# Possible reasons:
#   The system is out of physical RAM or swap space
#   The process is running with CompressedOops enabled, and the Java Heap may be blocking the growth of the native heap
# Possible solutions:
#   Reduce memory load on the system
#   Increase physical memory or swap space
#   Check if swap backing store is full
#   Decrease Java heap size (-Xmx/-Xms)
#   Decrease number of Java threads
#   Decrease Java thread stack sizes (-Xss)
#   Set larger code cache with -XX:ReservedCodeCacheSize=
#   JVM is running with Unscaled Compressed Oops mode in which the Java heap is
#     placed in the first 4GB address space. The Java Heap base address is the
#     maximum limit for the native heap growth. Please use -XX:HeapBaseMinAddress
#     to set the Java Heap base and to place the Java Heap above 4GB virtual address.
# This output file may be truncated or incomplete.
#
#  Out of Memory Error (allocation.cpp:389), pid=18100, tid=0x0000000000002dfc
#
# JRE version: Java(TM) SE Runtime Environment (8.0_211-b12) (build 1.8.0_211-b12)
# Java VM: Java HotSpot(TM) 64-Bit Server VM (25.211-b12 mixed mode windows-amd64 compressed oops)
# Failed to write core dump. Minidumps are not enabled by default on client versions of Windows
#

---------------  T H R E A D  ---------------

Current thread (0x000000001639d800):  JavaThread "C2 CompilerThread0" daemon [_thread_in_native, id=11772, stack(0x0000000016c80000,0x0000000016d80000)]

Stack: [0x0000000016c80000,0x0000000016d80000]
[error occurred during error reporting (printing stack bounds), id 0xc0000005]

Native frames: (J=compiled Java code, j=interpreted, Vv=VM code, C=native code)


Current CompileTask:
C2:  94075 23675       4       com.android.tools.r8.dex.DexParser::a (1326 bytes)


---------------  P R O C E S S  ---------------

Java Threads: ( => current thread )
  0x0000000021210800 JavaThread "ForkJoinPool-3-worker-0" daemon [_thread_blocked, id=12096, stack(0x0000000029b70000,0x0000000029c70000)]
  0x0000000021213800 JavaThread "ForkJoinPool-3-worker-7" daemon [_thread_blocked, id=17000, stack(0x0000000029a70000,0x0000000029b70000)]
  0x0000000021217000 JavaThread "ForkJoinPool-3-worker-6" daemon [_thread_blocked, id=16700, stack(0x0000000029970000,0x0000000029a70000)]
  0x0000000021215800 JavaThread "ForkJoinPool-3-worker-5" daemon [_thread_blocked, id=13248, stack(0x0000000029870000,0x0000000029970000)]
  0x0000000021212800 JavaThread "ForkJoinPool-3-worker-4" daemon [_thread_blocked, id=16392, stack(0x0000000029770000,0x0000000029870000)]
  0x0000000021215000 JavaThread "ForkJoinPool-3-worker-3" daemon [_thread_blocked, id=13156, stack(0x0000000027c50000,0x0000000027d50000)]
  0x0000000021211000 JavaThread "ForkJoinPool-3-worker-2" daemon [_thread_blocked, id=6520, stack(0x0000000025800000,0x0000000025900000)]
  0x0000000021214000 JavaThread "ForkJoinPool-3-worker-1" daemon [_thread_blocked, id=1580, stack(0x0000000025600000,0x0000000025700000)]
  0x000000002136b000 JavaThread "WorkerExecutor Queue Thread 17" [_thread_blocked, id=3032, stack(0x0000000001000000,0x0000000001100000)]
  0x000000001b7a0800 JavaThread "WorkerExecutor Queue Thread 16" [_thread_in_Java, id=1504, stack(0x0000000027d50000,0x0000000027e50000)]
  0x000000002136a000 JavaThread "ForkJoinPool.commonPool-worker-5" daemon [_thread_blocked, id=8632, stack(0x0000000027b50000,0x0000000027c50000)]
  0x0000000021365800 JavaThread "ForkJoinPool.commonPool-worker-4" daemon [_thread_blocked, id=13524, stack(0x0000000027a50000,0x0000000027b50000)]
  0x0000000021368800 JavaThread "ForkJoinPool.commonPool-worker-3" daemon [_thread_blocked, id=7284, stack(0x0000000001140000,0x0000000001240000)]
  0x0000000021369800 JavaThread "ForkJoinPool.commonPool-worker-1" daemon [_thread_blocked, id=15492, stack(0x0000000000df0000,0x0000000000ef0000)]
  0x0000000021361000 JavaThread "stdout" [_thread_in_native, id=13000, stack(0x0000000027550000,0x0000000027650000)]
  0x0000000021363800 JavaThread "stderr" [_thread_in_native, id=12816, stack(0x0000000027450000,0x0000000027550000)]
  0x0000000021360800 JavaThread "stdout" [_thread_in_native, id=14496, stack(0x0000000027350000,0x0000000027450000)]
  0x000000002135f800 JavaThread "stderr" [_thread_in_native, id=7032, stack(0x0000000027250000,0x0000000027350000)]
  0x000000001b7a4800 JavaThread "stdout" [_thread_in_native, id=7968, stack(0x0000000027150000,0x0000000027250000)]
  0x000000001b6c6800 JavaThread "stderr" [_thread_in_native, id=10668, stack(0x0000000027050000,0x0000000027150000)]
  0x000000001b6c5800 JavaThread "stdout" [_thread_in_native, id=18180, stack(0x0000000026f50000,0x0000000027050000)]
  0x000000001c09a000 JavaThread "stderr" [_thread_in_native, id=17632, stack(0x0000000026e50000,0x0000000026f50000)]
  0x000000001c098800 JavaThread "stdout" [_thread_in_native, id=12652, stack(0x0000000026d50000,0x0000000026e50000)]
  0x000000001c097000 JavaThread "stderr" [_thread_in_native, id=10316, stack(0x0000000026c50000,0x0000000026d50000)]
  0x000000001c09b000 JavaThread "stdout" [_thread_in_native, id=16344, stack(0x0000000026b50000,0x0000000026c50000)]
  0x000000001c098000 JavaThread "stderr" [_thread_in_native, id=16708, stack(0x0000000026a50000,0x0000000026b50000)]
  0x000000001c095000 JavaThread "stdout" [_thread_in_native, id=14424, stack(0x0000000026950000,0x0000000026a50000)]
  0x000000001c094000 JavaThread "stderr" [_thread_in_native, id=12148, stack(0x0000000026850000,0x0000000026950000)]
  0x000000001c099800 JavaThread "stdout" [_thread_in_native, id=1900, stack(0x0000000026750000,0x0000000026850000)]
  0x000000001c096800 JavaThread "stderr" [_thread_in_native, id=7004, stack(0x0000000026650000,0x0000000026750000)]
  0x000000001c095800 JavaThread "pool-2-thread-1" [_thread_blocked, id=2696, stack(0x0000000026330000,0x0000000026430000)]
  0x000000001c08e000 JavaThread "WorkerExecutor Queue Thread 15" [_thread_blocked, id=5404, stack(0x0000000025700000,0x0000000025800000)]
  0x000000001c08d800 JavaThread "WorkerExecutor Queue Thread 14" [_thread_blocked, id=18232, stack(0x0000000025300000,0x0000000025400000)]
  0x000000001b7a1800 JavaThread "WorkerExecutor Queue Thread 10" [_thread_blocked, id=7120, stack(0x0000000024f00000,0x0000000025000000)]
  0x000000001b7a2000 JavaThread "WorkerExecutor Queue Thread 9" [_thread_blocked, id=11224, stack(0x0000000025000000,0x0000000025100000)]
  0x000000001b6bf000 JavaThread "Cache worker for Java compile cache (D:\React Native\ForPet\android\.gradle\6.2\javaCompile)" [_thread_blocked, id=7472, stack(0x0000000025a00000,0x0000000025b00000)]
  0x000000001b7a8000 JavaThread "Cache worker for Java compile cache (C:\Users\PC\.gradle\caches\6.2\javaCompile)" [_thread_blocked, id=12520, stack(0x0000000025900000,0x0000000025a00000)]
  0x000000001b7a3800 JavaThread "WorkerExecutor Queue Thread 5" [_thread_blocked, id=17324, stack(0x0000000025500000,0x0000000025600000)]
  0x000000001b79c000 JavaThread "WorkerExecutor Queue Thread 4" [_thread_blocked, id=15304, stack(0x0000000025400000,0x0000000025500000)]
  0x000000001b79a000 JavaThread "Cache worker for execution history cache (D:\React Native\ForPet\android\.gradle\6.2\executionHistory)" [_thread_blocked, id=10328, stack(0x0000000024d00000,0x0000000024e00000)]
  0x000000001b79a800 JavaThread "Execution worker for ':' Thread 7" [_thread_blocked, id=2396, stack(0x0000000024a00000,0x0000000024b00000)]
  0x000000001b79f000 JavaThread "Execution worker for ':' Thread 6" [_thread_blocked, id=10596, stack(0x0000000024900000,0x0000000024a00000)]
  0x000000001864e000 JavaThread "Execution worker for ':' Thread 5" [_thread_blocked, id=7728, stack(0x0000000024800000,0x0000000024900000)]
  0x000000001b6c9800 JavaThread "Execution worker for ':' Thread 4" [_thread_blocked, id=7840, stack(0x0000000024700000,0x0000000024800000)]
  0x000000001b6c8800 JavaThread "Execution worker for ':' Thread 3" [_thread_blocked, id=14256, stack(0x0000000024600000,0x0000000024700000)]
  0x000000001b6ce000 JavaThread "Execution worker for ':' Thread 2" [_thread_blocked, id=604, stack(0x0000000024500000,0x0000000024600000)]
  0x000000001b6cc800 JavaThread "Execution worker for ':'" [_thread_blocked, id=16516, stack(0x0000000024400000,0x0000000024500000)]
  0x000000001b6cd000 JavaThread "Cache worker for file content cache (D:\React Native\ForPet\android\.gradle\6.2\fileContent)" [_thread_blocked, id=1280, stack(0x0000000024100000,0x0000000024200000)]
  0x000000001b6cb000 JavaThread "Cache worker for file content cache (C:\Users\PC\.gradle\caches\6.2\fileContent)" [_thread_blocked, id=1508, stack(0x0000000024000000,0x0000000024100000)]
  0x000000001b6c7000 JavaThread "Memory manager" [_thread_blocked, id=10304, stack(0x00000000220d0000,0x00000000221d0000)]
  0x000000001b6c4000 JavaThread "Cache worker for Build Output Cleanup Cache (D:\React Native\ForPet\android\.gradle\buildOutputCleanup)" [_thread_blocked, id=7612, stack(0x0000000020800000,0x0000000020900000)]
  0x000000001b6c3800 JavaThread "Build operations Thread 8" [_thread_blocked, id=5704, stack(0x0000000020100000,0x0000000020200000)]
  0x0000000018652800 JavaThread "Build operations Thread 7" [_thread_blocked, id=7616, stack(0x0000000020000000,0x0000000020100000)]
  0x0000000018651800 JavaThread "Build operations Thread 6" [_thread_blocked, id=15292, stack(0x000000001ff00000,0x0000000020000000)]
  0x0000000018651000 JavaThread "Build operations Thread 5" [_thread_blocked, id=16172, stack(0x000000001fe00000,0x000000001ff00000)]
  0x000000001864d000 JavaThread "Build operations Thread 4" [_thread_blocked, id=15264, stack(0x000000001fd00000,0x000000001fe00000)]
  0x000000001864b800 JavaThread "Build operations Thread 3" [_thread_blocked, id=10636, stack(0x000000001fc00000,0x000000001fd00000)]
  0x000000001864f800 JavaThread "Build operations Thread 2" [_thread_blocked, id=4472, stack(0x000000001fb00000,0x000000001fc00000)]
  0x000000001864e800 JavaThread "Build operations" [_thread_blocked, id=12140, stack(0x000000001e210000,0x000000001e310000)]
  0x00000000163ae000 JavaThread "Cache worker for execution history cache (C:\Users\PC\.gradle\caches\6.2\executionHistory)" [_thread_blocked, id=2004, stack(0x000000001dd10000,0x000000001de10000)]
  0x00000000163b3800 JavaThread "Cache worker for cache directory md-rule (C:\Users\PC\.gradle\caches\6.2\md-rule)" [_thread_blocked, id=16844, stack(0x000000001d7a0000,0x000000001d8a0000)]
  0x00000000163b0800 JavaThread "Cache worker for cache directory md-supplier (C:\Users\PC\.gradle\caches\6.2\md-supplier)" [_thread_blocked, id=10664, stack(0x000000001d440000,0x000000001d540000)]
  0x00000000163b2800 JavaThread "Cache worker for file hash cache (D:\React Native\ForPet\android\.gradle\6.2\fileHashes)" [_thread_blocked, id=6240, stack(0x000000001d6a0000,0x000000001d7a0000)]
  0x00000000163b2000 JavaThread "Cache worker for checksums cache (D:\React Native\ForPet\android\.gradle\checksums)" [_thread_blocked, id=11520, stack(0x000000001d5a0000,0x000000001d6a0000)]
  0x00000000163af000 JavaThread "Cache worker for file hash cache (C:\Users\PC\.gradle\caches\6.2\fileHashes)" [_thread_blocked, id=1284, stack(0x000000001b1a0000,0x000000001b2a0000)]
  0x00000000163af800 JavaThread "File lock request listener" [_thread_in_native, id=16752, stack(0x000000001b0a0000,0x000000001b1a0000)]
  0x00000000163b1000 JavaThread "Cache worker for journal cache (C:\Users\PC\.gradle\caches\journal-1)" [_thread_blocked, id=7480, stack(0x000000001afa0000,0x000000001b0a0000)]
  0x0000000018df8000 JavaThread "Thread-9" [_thread_blocked, id=12312, stack(0x000000001aca0000,0x000000001ada0000)]
  0x0000000018df5000 JavaThread "Stdin handler" [_thread_blocked, id=13332, stack(0x000000001aba0000,0x000000001aca0000)]
  0x0000000018e19800 JavaThread "Asynchronous log dispatcher for DefaultDaemonConnection: socket connection from /127.0.0.1:62786 to /127.0.0.1:62787" [_thread_blocked, id=7652, stack(0x000000001a9a0000,0x000000001aaa0000)]
  0x0000000018e16000 JavaThread "Daemon worker" [_thread_blocked, id=15456, stack(0x000000001a6a0000,0x000000001a7a0000)]
  0x0000000018df1800 JavaThread "Cancel handler" [_thread_blocked, id=14308, stack(0x000000001a5a0000,0x000000001a6a0000)]
  0x0000000018df0800 JavaThread "Handler for socket connection from /127.0.0.1:62786 to /127.0.0.1:62787" [_thread_in_native, id=7396, stack(0x000000001a4a0000,0x000000001a5a0000)]
  0x0000000018e23800 JavaThread "Daemon" [_thread_blocked, id=11592, stack(0x000000001a3a0000,0x000000001a4a0000)]
  0x0000000018d58800 JavaThread "Daemon periodic checks" [_thread_blocked, id=17668, stack(0x000000001a2a0000,0x000000001a3a0000)]
  0x0000000018d57800 JavaThread "Incoming local TCP Connector on port 62786" [_thread_in_native, id=14620, stack(0x000000001a060000,0x000000001a160000)]
  0x0000000018cab000 JavaThread "Daemon health stats" [_thread_blocked, id=15652, stack(0x0000000019a20000,0x0000000019b20000)]
  0x0000000016445000 JavaThread "Service Thread" daemon [_thread_blocked, id=4484, stack(0x0000000017080000,0x0000000017180000)]
  0x00000000163b4000 JavaThread "C1 CompilerThread3" daemon [_thread_blocked, id=14360, stack(0x0000000016f80000,0x0000000017080000)]
  0x00000000163a8800 JavaThread "C2 CompilerThread2" daemon [_thread_in_native, id=14392, stack(0x0000000016e80000,0x0000000016f80000)]
  0x00000000163a4800 JavaThread "C2 CompilerThread1" daemon [_thread_in_native, id=15040, stack(0x0000000016d80000,0x0000000016e80000)]
=>0x000000001639d800 JavaThread "C2 CompilerThread0" daemon [_thread_in_native, id=11772, stack(0x0000000016c80000,0x0000000016d80000)]
  0x000000001639a000 JavaThread "Attach Listener" daemon [_thread_blocked, id=6868, stack(0x0000000016b80000,0x0000000016c80000)]
  0x0000000016399000 JavaThread "Signal Dispatcher" daemon [_thread_blocked, id=14484, stack(0x0000000016a80000,0x0000000016b80000)]
  0x0000000002cf8000 JavaThread "Finalizer" daemon [_thread_blocked, id=5780, stack(0x0000000016870000,0x0000000016970000)]
  0x0000000016390800 JavaThread "Reference Handler" daemon [_thread_blocked, id=18116, stack(0x0000000016770000,0x0000000016870000)]
  0x0000000002c02800 JavaThread "main" [_thread_blocked, id=9108, stack(0x0000000002ae0000,0x0000000002be0000)]

Other Threads:
  0x0000000014589800 VMThread [stack: 0x0000000016270000,0x0000000016370000] [id=6332]
  0x0000000016401800 WatcherThread [stack: 0x0000000017180000,0x0000000017280000] [id=8352]

VM state:not at safepoint (normal execution)

VM Mutex/Monitor currently owned by a thread: None

heap address: 0x00000000e0000000, size: 512 MB, Compressed Oops mode: 32-bit
Narrow klass base: 0x0000000000000000, Narrow klass shift: 3
Compressed class space size: 1073741824 Address: 0x0000000100000000

Heap:
 PSYoungGen      total 116736K, used 54658K [0x00000000f5580000, 0x0000000100000000, 0x0000000100000000)
  eden space 70144K, 77% used [0x00000000f5580000,0x00000000f8ae08d8,0x00000000f9a00000)
  from space 46592K, 0% used [0x00000000fd280000,0x00000000fd280000,0x0000000100000000)
  to   space 52224K, 0% used [0x00000000f9a00000,0x00000000f9a00000,0x00000000fcd00000)
 ParOldGen       total 344064K, used 159235K [0x00000000e0000000, 0x00000000f5000000, 0x00000000f5580000)
  object space 344064K, 46% used [0x00000000e0000000,0x00000000e9b80f00,0x00000000f5000000)
 Metaspace       used 95243K, capacity 100670K, committed 101632K, reserved 1136640K
  class space    used 12606K, capacity 13756K, committed 14080K, reserved 1048576K

Card table byte_map: [0x00000000120d0000,0x00000000121e0000] byte_map_base: 0x00000000119d0000

Marking Bits: (ParMarkBitMap*) 0x00000000629a5ce0
 Begin Bits: [0x0000000012a90000, 0x0000000013290000)
 End Bits:   [0x0000000013290000, 0x0000000013a90000)

Polling page: 0x0000000001320000

CodeCache: size=245760Kb used=67919Kb max_used=67919Kb free=177840Kb
 bounds [0x0000000002d10000, 0x0000000006fc0000, 0x0000000011d10000]
 total_blobs=19681 nmethods=18802 adapters=788
 compilation: enabled

Compilation events (10 events):
Event: 93.742 Thread 0x00000000163b4000 23791 %     3       com.android.tools.r8.ir.conversion.IRConverter::b @ 22 (77 bytes)
Event: 93.744 Thread 0x00000000163b4000 nmethod 23791% 0x0000000006fa8d50 code [0x0000000006fa9000, 0x0000000006faa678]
Event: 93.748 Thread 0x00000000163b4000 23793       3       com.android.tools.r8.ir.conversion.IRConverter::b (77 bytes)
Event: 93.750 Thread 0x00000000163b4000 nmethod 23793 0x0000000006fab110 code [0x0000000006fab3c0, 0x0000000006fac8d8]
Event: 93.765 Thread 0x00000000163b4000 23794 %     3       com.android.tools.r8.ir.desugar.c::a @ 26 (277 bytes)
Event: 93.771 Thread 0x00000000163b4000 nmethod 23794% 0x0000000006fad310 code [0x0000000006fad6e0, 0x0000000006faf7a8]
Event: 93.778 Thread 0x00000000163b4000 23795 %     3       com.android.tools.r8.utils.k::a @ 31 (102 bytes)
Event: 93.779 Thread 0x00000000163b4000 nmethod 23795% 0x0000000006fb0c90 code [0x0000000006fb0ec0, 0x0000000006fb1b48]
Event: 93.789 Thread 0x00000000163b4000 23796       3       com.android.tools.r8.utils.k::a (102 bytes)
Event: 93.790 Thread 0x00000000163b4000 nmethod 23796 0x0000000006fb1f90 code [0x0000000006fb2200, 0x0000000006fb3268]

GC Heap History (10 events):
Event: 91.435 GC heap before
{Heap before GC invocations=45 (full 4):
 PSYoungGen      total 116224K, used 78296K [0x00000000f5580000, 0x00000000ffb00000, 0x0000000100000000)
  eden space 70144K, 100% used [0x00000000f5580000,0x00000000f9a00000,0x00000000f9a00000)
  from space 46080K, 17% used [0x00000000fce00000,0x00000000fd5f6088,0x00000000ffb00000)
  to   space 49664K, 0% used [0x00000000f9a00000,0x00000000f9a00000,0x00000000fca80000)
 ParOldGen       total 280576K, used 220054K [0x00000000e0000000, 0x00000000f1200000, 0x00000000f5580000)
  object space 280576K, 78% used [0x00000000e0000000,0x00000000ed6e5b88,0x00000000f1200000)
 Metaspace       used 95090K, capacity 100620K, committed 101376K, reserved 1136640K
  class space    used 12600K, capacity 13773K, committed 14080K, reserved 1048576K
Event: 91.458 GC heap after
Heap after GC invocations=45 (full 4):
 PSYoungGen      total 119808K, used 9846K [0x00000000f5580000, 0x00000000fff80000, 0x0000000100000000)
  eden space 70144K, 0% used [0x00000000f5580000,0x00000000f5580000,0x00000000f9a00000)
  from space 49664K, 19% used [0x00000000f9a00000,0x00000000fa39d870,0x00000000fca80000)
  to   space 47616K, 0% used [0x00000000fd100000,0x00000000fd100000,0x00000000fff80000)
 ParOldGen       total 280576K, used 226662K [0x00000000e0000000, 0x00000000f1200000, 0x00000000f5580000)
  object space 280576K, 80% used [0x00000000e0000000,0x00000000edd59bb0,0x00000000f1200000)
 Metaspace       used 95090K, capacity 100620K, committed 101376K, reserved 1136640K
  class space    used 12600K, capacity 13773K, committed 14080K, reserved 1048576K
}
Event: 91.601 GC heap before
{Heap before GC invocations=46 (full 4):
 PSYoungGen      total 119808K, used 79990K [0x00000000f5580000, 0x00000000fff80000, 0x0000000100000000)
  eden space 70144K, 100% used [0x00000000f5580000,0x00000000f9a00000,0x00000000f9a00000)
  from space 49664K, 19% used [0x00000000f9a00000,0x00000000fa39d870,0x00000000fca80000)
  to   space 47616K, 0% used [0x00000000fd100000,0x00000000fd100000,0x00000000fff80000)
 ParOldGen       total 280576K, used 226662K [0x00000000e0000000, 0x00000000f1200000, 0x00000000f5580000)
  object space 280576K, 80% used [0x00000000e0000000,0x00000000edd59bb0,0x00000000f1200000)
 Metaspace       used 95090K, capacity 100620K, committed 101376K, reserved 1136640K
  class space    used 12600K, capacity 13773K, committed 14080K, reserved 1048576K
Event: 91.617 GC heap after
Heap after GC invocations=46 (full 4):
 PSYoungGen      total 118272K, used 11065K [0x00000000f5580000, 0x00000000ff900000, 0x0000000100000000)
  eden space 77312K, 0% used [0x00000000f5580000,0x00000000f5580000,0x00000000fa100000)
  from space 40960K, 27% used [0x00000000fd100000,0x00000000fdbce530,0x00000000ff900000)
  to   space 45056K, 0% used [0x00000000fa100000,0x00000000fa100000,0x00000000fcd00000)
 ParOldGen       total 280576K, used 236239K [0x00000000e0000000, 0x00000000f1200000, 0x00000000f5580000)
  object space 280576K, 84% used [0x00000000e0000000,0x00000000ee6b3ee8,0x00000000f1200000)
 Metaspace       used 95090K, capacity 100620K, committed 101376K, reserved 1136640K
  class space    used 12600K, capacity 13773K, committed 14080K, reserved 1048576K
}
Event: 92.605 GC heap before
{Heap before GC invocations=47 (full 4):
 PSYoungGen      total 118272K, used 85948K [0x00000000f5580000, 0x00000000ff900000, 0x0000000100000000)
  eden space 77312K, 96% used [0x00000000f5580000,0x00000000f9ea0c68,0x00000000fa100000)
  from space 40960K, 27% used [0x00000000fd100000,0x00000000fdbce530,0x00000000ff900000)
  to   space 45056K, 0% used [0x00000000fa100000,0x00000000fa100000,0x00000000fcd00000)
 ParOldGen       total 280576K, used 236239K [0x00000000e0000000, 0x00000000f1200000, 0x00000000f5580000)
  object space 280576K, 84% used [0x00000000e0000000,0x00000000ee6b3ee8,0x00000000f1200000)
 Metaspace       used 95262K, capacity 100752K, committed 101632K, reserved 1136640K
  class space    used 12616K, capacity 13773K, committed 14080K, reserved 1048576K
Event: 92.619 GC heap after
Heap after GC invocations=47 (full 4):
 PSYoungGen      total 122368K, used 27406K [0x00000000f5580000, 0x0000000100000000, 0x0000000100000000)
  eden space 77312K, 0% used [0x00000000f5580000,0x00000000f5580000,0x00000000fa100000)
  from space 45056K, 60% used [0x00000000fa100000,0x00000000fbbc3bb0,0x00000000fcd00000)
  to   space 46592K, 0% used [0x00000000fd280000,0x00000000fd280000,0x0000000100000000)
 ParOldGen       total 280576K, used 247265K [0x00000000e0000000, 0x00000000f1200000, 0x00000000f5580000)
  object space 280576K, 88% used [0x00000000e0000000,0x00000000ef178418,0x00000000f1200000)
 Metaspace       used 95262K, capacity 100752K, committed 101632K, reserved 1136640K
  class space    used 12616K, capacity 13773K, committed 14080K, reserved 1048576K
}
Event: 92.996 GC heap before
{Heap before GC invocations=48 (full 4):
 PSYoungGen      total 122368K, used 104718K [0x00000000f5580000, 0x0000000100000000, 0x0000000100000000)
  eden space 77312K, 100% used [0x00000000f5580000,0x00000000fa100000,0x00000000fa100000)
  from space 45056K, 60% used [0x00000000fa100000,0x00000000fbbc3bb0,0x00000000fcd00000)
  to   space 46592K, 0% used [0x00000000fd280000,0x00000000fd280000,0x0000000100000000)
 ParOldGen       total 280576K, used 247265K [0x00000000e0000000, 0x00000000f1200000, 0x00000000f5580000)
  object space 280576K, 88% used [0x00000000e0000000,0x00000000ef178418,0x00000000f1200000)
 Metaspace       used 95266K, capacity 100752K, committed 101632K, reserved 1136640K
  class space    used 12616K, capacity 13773K, committed 14080K, reserved 1048576K
Event: 93.039 GC heap after
Heap after GC invocations=48 (full 4):
 PSYoungGen      total 116736K, used 39682K [0x00000000f5580000, 0x0000000100000000, 0x0000000100000000)
  eden space 70144K, 0% used [0x00000000f5580000,0x00000000f5580000,0x00000000f9a00000)
  from space 46592K, 85% used [0x00000000fd280000,0x00000000ff940a80,0x0000000100000000)
  to   space 52224K, 0% used [0x00000000f9a00000,0x00000000f9a00000,0x00000000fcd00000)
 ParOldGen       total 280576K, used 260528K [0x00000000e0000000, 0x00000000f1200000, 0x00000000f5580000)
  object space 280576K, 92% used [0x00000000e0000000,0x00000000efe6c168,0x00000000f1200000)
 Metaspace       used 95266K, capacity 100752K, committed 101632K, reserved 1136640K
  class space    used 12616K, capacity 13773K, committed 14080K, reserved 1048576K
}
Event: 93.039 GC heap before
{Heap before GC invocations=49 (full 5):
 PSYoungGen      total 116736K, used 39682K [0x00000000f5580000, 0x0000000100000000, 0x0000000100000000)
  eden space 70144K, 0% used [0x00000000f5580000,0x00000000f5580000,0x00000000f9a00000)
  from space 46592K, 85% used [0x00000000fd280000,0x00000000ff940a80,0x0000000100000000)
  to   space 52224K, 0% used [0x00000000f9a00000,0x00000000f9a00000,0x00000000fcd00000)
 ParOldGen       total 280576K, used 260528K [0x00000000e0000000, 0x00000000f1200000, 0x00000000f5580000)
  object space 280576K, 92% used [0x00000000e0000000,0x00000000efe6c168,0x00000000f1200000)
 Metaspace       used 95266K, capacity 100752K, committed 101632K, reserved 1136640K
  class space    used 12616K, capacity 13773K, committed 14080K, reserved 1048576K
Event: 93.412 GC heap after
Heap after GC invocations=49 (full 5):
 PSYoungGen      total 116736K, used 0K [0x00000000f5580000, 0x0000000100000000, 0x0000000100000000)
  eden space 70144K, 0% used [0x00000000f5580000,0x00000000f5580000,0x00000000f9a00000)
  from space 46592K, 0% used [0x00000000fd280000,0x00000000fd280000,0x0000000100000000)
  to   space 52224K, 0% used [0x00000000f9a00000,0x00000000f9a00000,0x00000000fcd00000)
 ParOldGen       total 344064K, used 159235K [0x00000000e0000000, 0x00000000f5000000, 0x00000000f5580000)
  object space 344064K, 46% used [0x00000000e0000000,0x00000000e9b80f00,0x00000000f5000000)
 Metaspace       used 95236K, capacity 100666K, committed 101632K, reserved 1136640K
  class space    used 12606K, capacity 13756K, committed 14080K, reserved 1048576K
}

Deoptimization events (10 events):
Event: 92.475 Thread 0x000000001864e000 Uncommon trap: reason=class_check action=maybe_recompile pc=0x00000000057bbdf8 method=org.gradle.api.internal.artifacts.transform.DefaultTransformationNodeRegistry$ArtifactTransformKey.equals(Ljava/lang/Object;)Z @ 37
Event: 92.475 Thread 0x000000001864e000 Uncommon trap: reason=class_check action=maybe_recompile pc=0x0000000004a75ed8 method=org.gradle.api.internal.artifacts.DefaultResolvedArtifact.transformedTo(Ljava/io/File;)Lorg/gradle/api/internal/artifacts/ivyservice/resolveengine/artifact/ResolvableArt
Event: 92.475 Thread 0x000000001864e000 Uncommon trap: reason=class_check action=maybe_recompile pc=0x0000000004a75ed8 method=org.gradle.api.internal.artifacts.DefaultResolvedArtifact.transformedTo(Ljava/io/File;)Lorg/gradle/api/internal/artifacts/ivyservice/resolveengine/artifact/ResolvableArt
Event: 92.475 Thread 0x000000001864e000 Uncommon trap: reason=class_check action=maybe_recompile pc=0x0000000004a75ed8 method=org.gradle.api.internal.artifacts.DefaultResolvedArtifact.transformedTo(Ljava/io/File;)Lorg/gradle/api/internal/artifacts/ivyservice/resolveengine/artifact/ResolvableArt
Event: 92.475 Thread 0x000000001864e000 Uncommon trap: reason=class_check action=maybe_recompile pc=0x0000000004a75ed8 method=org.gradle.api.internal.artifacts.DefaultResolvedArtifact.transformedTo(Ljava/io/File;)Lorg/gradle/api/internal/artifacts/ivyservice/resolveengine/artifact/ResolvableArt
Event: 92.483 Thread 0x000000001b7a0800 Uncommon trap: reason=unstable_if action=reinterpret pc=0x00000000051fd634 method=java.util.stream.SpinedBuffer.clear()V @ 64
Event: 92.814 Thread 0x0000000021212800 Uncommon trap: reason=unstable_if action=reinterpret pc=0x0000000006aeccdc method=com.android.tools.r8.dex.DexParser.a(Ljava/util/function/Consumer;)V @ 1041
Event: 92.814 Thread 0x0000000021211000 Uncommon trap: reason=unstable_if action=reinterpret pc=0x0000000006aeccdc method=com.android.tools.r8.dex.DexParser.a(Ljava/util/function/Consumer;)V @ 1041
Event: 93.623 Thread 0x0000000021214000 Uncommon trap: reason=unstable_if action=reinterpret pc=0x0000000006f792c8 method=com.android.tools.r8.dex.DexParser.b(I)Lcom/android/tools/r8/graph/DexAnnotationSet; @ 14
Event: 93.934 Thread 0x000000001b7a0800 Uncommon trap: reason=unstable_if action=reinterpret pc=0x00000000060bc444 method=java.util.TimSort.mergeHi(IIII)V @ 542

Classes redefined (0 events):
No events

Internal exceptions (10 events):
Event: 82.417 Thread 0x000000001b79c000 Exception <a 'sun/nio/fs/WindowsException'> (0x00000000f95aa0d8) thrown at [C:\re\workspace\8-2-build-windows-amd64-cygwin\jdk8u211\12973\hotspot\src\share\vm\prims\jni.cpp, line 710]
Event: 82.423 Thread 0x000000001b79c000 Exception <a 'sun/nio/fs/WindowsException'> (0x00000000f95b0648) thrown at [C:\re\workspace\8-2-build-windows-amd64-cygwin\jdk8u211\12973\hotspot\src\share\vm\prims\jni.cpp, line 710]
Event: 82.444 Thread 0x000000001b79c000 Exception <a 'sun/nio/fs/WindowsException'> (0x00000000f96383f0) thrown at [C:\re\workspace\8-2-build-windows-amd64-cygwin\jdk8u211\12973\hotspot\src\share\vm\prims\jni.cpp, line 710]
Event: 88.244 Thread 0x000000001864e000 Exception <a 'java/lang/NoSuchMethodError': <clinit>> (0x00000000f5b087b8) thrown at [C:\re\workspace\8-2-build-windows-amd64-cygwin\jdk8u211\12973\hotspot\src\share\vm\prims\jni.cpp, line 1614]
Event: 88.718 Thread 0x000000001b7a2000 Exception <a 'sun/nio/fs/WindowsException'> (0x00000000f7cbc048) thrown at [C:\re\workspace\8-2-build-windows-amd64-cygwin\jdk8u211\12973\hotspot\src\share\vm\prims\jni.cpp, line 710]
Event: 89.144 Thread 0x0000000021367000 Implicit null exception at 0x00000000036a39ef to 0x00000000036a3ae9
Event: 91.026 Thread 0x000000001b6c1000 Implicit null exception at 0x000000000613718f to 0x00000000061372f9
Event: 91.374 Thread 0x000000001b79f000 Exception <a 'java/io/FileNotFoundException'> (0x00000000f93c2bd0) thrown at [C:\re\workspace\8-2-build-windows-amd64-cygwin\jdk8u211\12973\hotspot\src\share\vm\prims\jni.cpp, line 710]
Event: 92.299 Thread 0x000000001b6c1000 Exception <a 'sun/nio/fs/WindowsException'> (0x00000000f7b99590) thrown at [C:\re\workspace\8-2-build-windows-amd64-cygwin\jdk8u211\12973\hotspot\src\share\vm\prims\jni.cpp, line 710]
Event: 92.589 Thread 0x000000001b7a0800 Exception <a 'sun/nio/fs/WindowsException'> (0x00000000f8d99300) thrown at [C:\re\workspace\8-2-build-windows-amd64-cygwin\jdk8u211\12973\hotspot\src\share\vm\prims\jni.cpp, line 710]

Events (10 events):
Event: 94.057 Thread 0x000000001b7a0800 DEOPT PACKING pc=0x0000000006ddaa3e sp=0x0000000027e4dde0
Event: 94.057 Thread 0x000000001b7a0800 DEOPT UNPACKING pc=0x0000000002d57490 sp=0x0000000027e4db50 mode 0
Event: 94.061 Thread 0x000000001b7a0800 DEOPT PACKING pc=0x0000000006ddaa3e sp=0x0000000027e4dde0
Event: 94.061 Thread 0x000000001b7a0800 DEOPT UNPACKING pc=0x0000000002d57490 sp=0x0000000027e4db50 mode 0
Event: 94.063 Thread 0x000000001b7a0800 DEOPT PACKING pc=0x0000000006ddaa3e sp=0x0000000027e4dde0
Event: 94.063 Thread 0x000000001b7a0800 DEOPT UNPACKING pc=0x0000000002d57490 sp=0x0000000027e4db50 mode 0
Event: 94.065 Thread 0x000000001b7a0800 DEOPT PACKING pc=0x0000000006ddaa3e sp=0x0000000027e4dde0
Event: 94.065 Thread 0x000000001b7a0800 DEOPT UNPACKING pc=0x0000000002d57490 sp=0x0000000027e4db50 mode 0
Event: 94.068 Thread 0x000000001b7a0800 DEOPT PACKING pc=0x0000000006ddaa3e sp=0x0000000027e4dde0
Event: 94.068 Thread 0x000000001b7a0800 DEOPT UNPACKING pc=0x0000000002d57490 sp=0x0000000027e4db50 mode 0


Dynamic libraries:
0x00007ff781c10000 - 0x00007ff781c47000 	C:\Program Files\Java\jdk1.8.0_211\bin\java.exe
0x00007ff9740c0000 - 0x00007ff9742b0000 	C:\WINDOWS\SYSTEM32\ntdll.dll
0x00007ff972b00000 - 0x00007ff972bb2000 	C:\WINDOWS\System32\KERNEL32.DLL
0x00007ff971dc0000 - 0x00007ff972065000 	C:\WINDOWS\System32\KERNELBASE.dll
0x00007ff9728d0000 - 0x00007ff972973000 	C:\WINDOWS\System32\ADVAPI32.dll
0x00007ff973d60000 - 0x00007ff973dfe000 	C:\WINDOWS\System32\msvcrt.dll
0x00007ff973fe0000 - 0x00007ff974077000 	C:\WINDOWS\System32\sechost.dll
0x00007ff973700000 - 0x00007ff973820000 	C:\WINDOWS\System32\RPCRT4.dll
0x00007ff973820000 - 0x00007ff9739b5000 	C:\WINDOWS\System32\USER32.dll
0x00007ff971410000 - 0x00007ff971431000 	C:\WINDOWS\System32\win32u.dll
0x00007ff972170000 - 0x00007ff972196000 	C:\WINDOWS\System32\GDI32.dll
0x00007ff971270000 - 0x00007ff971406000 	C:\WINDOWS\System32\gdi32full.dll
0x00007ff9714f0000 - 0x00007ff97158e000 	C:\WINDOWS\System32\msvcp_win.dll
0x00007ff972070000 - 0x00007ff97216a000 	C:\WINDOWS\System32\ucrtbase.dll
0x00007ff9606d0000 - 0x00007ff960954000 	C:\WINDOWS\WinSxS\amd64_microsoft.windows.common-controls_6595b64144ccf1df_6.0.18362.1082_none_9e8193e1e45b25c1\COMCTL32.dll
0x00007ff9739c0000 - 0x00007ff973cf5000 	C:\WINDOWS\System32\combase.dll
0x00007ff9710a0000 - 0x00007ff971120000 	C:\WINDOWS\System32\bcryptPrimitives.dll
0x00007ff973fb0000 - 0x00007ff973fde000 	C:\WINDOWS\System32\IMM32.DLL
0x0000000062a30000 - 0x0000000062b02000 	C:\Program Files\Java\jdk1.8.0_211\jre\bin\msvcr100.dll
0x0000000062180000 - 0x0000000062a25000 	C:\Program Files\Java\jdk1.8.0_211\jre\bin\server\jvm.dll
0x00007ff9721a0000 - 0x00007ff9721a8000 	C:\WINDOWS\System32\PSAPI.DLL
0x00007ff960fb0000 - 0x00007ff960fb9000 	C:\WINDOWS\SYSTEM32\WSOCK32.dll
0x00007ff96efb0000 - 0x00007ff96efd4000 	C:\WINDOWS\SYSTEM32\WINMM.dll
0x00007ff96c5f0000 - 0x00007ff96c5fa000 	C:\WINDOWS\SYSTEM32\VERSION.dll
0x00007ff973610000 - 0x00007ff97367f000 	C:\WINDOWS\System32\WS2_32.dll
0x00007ff96ef80000 - 0x00007ff96efad000 	C:\WINDOWS\SYSTEM32\WINMMBASE.dll
0x00007ff9714a0000 - 0x00007ff9714ea000 	C:\WINDOWS\System32\cfgmgr32.dll
0x00007ff96d900000 - 0x00007ff96d90f000 	C:\Program Files\Java\jdk1.8.0_211\jre\bin\verify.dll
0x00007ff968fc0000 - 0x00007ff968fe9000 	C:\Program Files\Java\jdk1.8.0_211\jre\bin\java.dll
0x00007ff96b3c0000 - 0x00007ff96b3d6000 	C:\Program Files\Java\jdk1.8.0_211\jre\bin\zip.dll
0x00007ff972bd0000 - 0x00007ff9732b7000 	C:\WINDOWS\System32\SHELL32.dll
0x00007ff972980000 - 0x00007ff972a29000 	C:\WINDOWS\System32\shcore.dll
0x00007ff971590000 - 0x00007ff971d10000 	C:\WINDOWS\System32\windows.storage.dll
0x00007ff971020000 - 0x00007ff971043000 	C:\WINDOWS\System32\profapi.dll
0x00007ff970fd0000 - 0x00007ff97101a000 	C:\WINDOWS\System32\powrprof.dll
0x00007ff970f80000 - 0x00007ff970f90000 	C:\WINDOWS\System32\UMPDC.dll
0x00007ff972330000 - 0x00007ff972382000 	C:\WINDOWS\System32\shlwapi.dll
0x00007ff970fb0000 - 0x00007ff970fc1000 	C:\WINDOWS\System32\kernel.appcore.dll
0x00007ff971050000 - 0x00007ff971067000 	C:\WINDOWS\System32\cryptsp.dll
0x00007ff96b110000 - 0x00007ff96b12a000 	C:\Program Files\Java\jdk1.8.0_211\jre\bin\net.dll
0x00007ff9651f0000 - 0x00007ff9653c6000 	C:\WINDOWS\SYSTEM32\urlmon.dll
0x00007ff9655c0000 - 0x00007ff965866000 	C:\WINDOWS\SYSTEM32\iertutil.dll
0x00007ff970900000 - 0x00007ff97090c000 	C:\WINDOWS\SYSTEM32\CRYPTBASE.DLL
0x00007ff970780000 - 0x00007ff9707e7000 	C:\WINDOWS\system32\mswsock.dll
0x00007ff968f70000 - 0x00007ff968f82000 	C:\Program Files\Java\jdk1.8.0_211\jre\bin\nio.dll
0x00007ff968f40000 - 0x00007ff968f6a000 	C:\Users\PC\.gradle\native\36\windows-amd64\native-platform.dll
0x00007ff96cea0000 - 0x00007ff96cead000 	C:\Program Files\Java\jdk1.8.0_211\jre\bin\management.dll
0x00007ff970300000 - 0x00007ff970333000 	C:\WINDOWS\system32\rsaenh.dll
0x00007ff971070000 - 0x00007ff971096000 	C:\WINDOWS\System32\bcrypt.dll
0x00007ff970ea0000 - 0x00007ff970ec5000 	C:\WINDOWS\SYSTEM32\USERENV.dll
0x00007ff9704a0000 - 0x00007ff9704da000 	C:\WINDOWS\SYSTEM32\IPHLPAPI.DLL
0x00007ff972bc0000 - 0x00007ff972bc8000 	C:\WINDOWS\System32\NSI.dll
0x00007ff96c600000 - 0x00007ff96c616000 	C:\WINDOWS\SYSTEM32\dhcpcsvc6.DLL
0x00007ff96be90000 - 0x00007ff96beac000 	C:\WINDOWS\SYSTEM32\dhcpcsvc.DLL
0x00007ff9704e0000 - 0x00007ff9705ab000 	C:\WINDOWS\SYSTEM32\DNSAPI.dll

VM Arguments:
jvm_args: -XX:MaxMetaspaceSize=256m -XX:+HeapDumpOnOutOfMemoryError -Xms256m -Xmx512m -Dfile.encoding=windows-1252 -Duser.country=US -Duser.language=en -Duser.variant 
java_command: org.gradle.launcher.daemon.bootstrap.GradleDaemon 6.2
java_class_path (initial): C:\Users\PC\.gradle\wrapper\dists\gradle-6.2-all\dvufqs6kielxeao781pmk5huj\gradle-6.2\lib\gradle-launcher-6.2.jar
Launcher Type: SUN_STANDARD

Environment Variables:
JAVA_HOME=C:\Program Files\Java\jdk1.8.0_211
JRE_HOME=C:\Program Files\Java\jre1.8.0_211
CLASSPATH=D:\React Native\ForPet\android\\gradle\wrapper\gradle-wrapper.jar
PATH=D:\React Native\ForPet\android\node_modules\.bin;D:\React Native\ForPet\node_modules\.bin;D:\React Native\node_modules\.bin;D:\node_modules\.bin;D:\Applications\NodeJS;C:\Python38\Scripts\;C:\Python38\;C:\Program Files (x86)\Common Files\Intel\Shared Libraries\redist\intel64\compiler;C:\WINDOWS\system32;C:\WINDOWS;C:\WINDOWS\System32\Wbem;C:\WINDOWS\System32\WindowsPowerShell\v1.0\;C:\WINDOWS\System32\OpenSSH\;C:\Program Files\Git\cmd;C:\Program Files\Java\jdk1.8.0_211\bin\;D:\Applications\NodeJS\;C:\ProgramData\chocolatey\bin;C:\Program Files (x86)\Yarn\bin\;F:\watchman\windows\bin;C:\Users\PC\AppData\Local\Microsoft\WindowsApps;C:\FlutterSDK\flutter_windows_v1.5.4-hotfix.2-stable\flutter\bin;C:\Users\PC\AppData\Local\Programs\Microsoft VS Code\bin;C:\Windows\System32\;C:\Users\PC\AppData\Roaming\npm;C:\Users\PC\AppData\Local\Yarn\bin;D:\Applications\gradle-6.2.2\bin;
USERNAME=PC
OS=Windows_NT
PROCESSOR_IDENTIFIER=AMD64 Family 23 Model 17 Stepping 0, AuthenticAMD



---------------  S Y S T E M  ---------------

OS: Windows 10.0 , 64 bit Build 18362 (10.0.18362.1082)

CPU:total 8 (initial active 8) (8 cores per cpu, 1 threads per core) family 23 model 17 stepping 0, cmov, cx8, fxsr, mmx, sse, sse2, sse3, ssse3, sse4.1, sse4.2, popcnt, avx, avx2, aes, clmul, mmxext, 3dnowpref, lzcnt, sse4a, tsc, tscinvbit, tscinv, bmi1

Memory: 4k page, physical 8316848k(371336k free), swap 18163684k(5180k free)

vm_info: Java HotSpot(TM) 64-Bit Server VM (25.211-b12) for windows-amd64 JRE (1.8.0_211-b12), built on Apr  1 2019 20:53:26 by "java_re" with MS VC++ 10.0 (VS2010)

time: Fri Sep 25 18:52:09 2020
timezone: SE Asia Standard Time
elapsed time: 94 seconds (0d 0h 1m 34s)

